<?xml version="1.0" encoding="UTF-8"?>
<testsuite name="runners.CucumberRunner" time="9.769" tests="8" errors="0" skipped="2" failures="0">
  <properties>
[...]
</properties>
  <testcase name="When I am on the home page" classname="Scenario: Simple scenario" time="0.003"/>
  <testcase name="Then I should see home page header" classname="Scenario: Simple scenario" time="0"/>
  <testcase name="And I should see home page description" classname="Scenario: Simple scenario" time="0"/>
  <testcase name="And I should see menu" classname="Scenario: Simple scenario" time="0"/>
  <testcase name="Scenario: Simple scenario" classname="Scenario: Simple scenario" time="2.289"/>
  <testcase name="And I should see home page description like my wife" classname="Scenario: Simple scenario 2" time="0">
    <skipped/>
    <system-out><![CDATA[
  @alex
  Scenario: Simple scenario                &amp#27;[90m# src/test/resources/features/Sample1.feature:5&amp#27;[0m
    &amp#27;[32mWhen &amp#27;[0m&amp#27;[32mI am on the home page&amp#27;[0m             &amp#27;[90m# SampleSteps.iAmOnTheHomePage()&amp#27;[0m
    &amp#27;[32mThen &amp#27;[0m&amp#27;[32mI should see home page header&amp#27;[0m     &amp#27;[90m# SampleSteps.iShouldSeeHomePageHeader()&amp#27;[0m
    &amp#27;[32mAnd &amp#27;[0m&amp#27;[32mI should see home page description&amp#27;[0m &amp#27;[90m# SampleSteps.iShouldSeeHomePageDescription()&amp#27;[0m
    &amp#27;[32mAnd &amp#27;[0m&amp#27;[32mI should see menu&amp#27;[0m                  &amp#27;[90m# SampleSteps.iShouldSeeMenu()&amp#27;[0m
]]></system-out>
    <system-err><![CDATA[Starting ChromeDriver 2.40.565498 (ea082db3280dd6843ebfb08a625e3eb905c4f5ab) on port 15423
Only local connections are allowed.
[1583400698.954][WARNING]: Timed out connecting to Chrome, retrying...
Mar 05, 2020 11:31:41 AM org.openqa.selenium.remote.ProtocolHandshake createSession
INFO: Detected dialect: OSS
]]></system-err>
  </testcase>
  <testcase name="Scenario: Simple scenario 2" classname="Scenario: Simple scenario 2" time="0">
    <skipped/>
  </testcase>
  <testcase name="Scenario: Simple scenario 2" classname="Scenario: Simple scenario 2" time="7.477"/>
</testsuite>